<?xml version="1.0" encoding="UTF-8"?>
<!-- Generated by org.testng.reporters.JUnitReportReporter -->
<testsuite hostname="DESKTOP-C0SFBJN" name="Demo.demo" tests="1" failures="0" timestamp="3 Aug 2021 06:09:41 GMT" time="4.600" errors="0">
  <testcase name="testCase4" time="4.600" classname="Demo.demo"/>
</testsuite> <!-- Demo.demo -->
