<?xml version="1.0" encoding="UTF-8"?>
<!-- Generated by org.testng.reporters.JUnitReportReporter -->
<testsuite hostname="DESKTOP-C0SFBJN" name="Demo.POSTMethodWithBody" tests="3" failures="0" timestamp="4 Aug 2021 05:06:18 GMT" time="14.995" errors="0">
  <testcase name="getAllUsers" time="3.027" classname="Demo.POSTMethodWithBody"/>
  <testcase name="logIn" time="10.100" classname="Demo.POSTMethodWithBody"/>
  <testcase name="deleteUser" time="1.868" classname="Demo.POSTMethodWithBody"/>
</testsuite> <!-- Demo.POSTMethodWithBody -->
